<?xml version="1.0" encoding="UTF-8"?>
<!-- Generated by org.testng.reporters.JUnitReportReporter -->
<testsuite hostname="bob-pc" name="tests.TestRunner" tests="3" failures="0" timestamp="3 Dec 2018 01:30:18 GMT" time="91.989" errors="0">
  <testcase name="scenario" time="53.397" classname="tests.TestRunner"/>
  <testcase name="scenario" time="17.232" classname="tests.TestRunner"/>
  <testcase name="scenario" time="21.360" classname="tests.TestRunner"/>
</testsuite> <!-- tests.TestRunner -->
