<?xml version="1.0" encoding="UTF-8"?>
<!-- Generated by org.testng.reporters.JUnitReportReporter -->
<testsuite hostname="bob-pc" name="tests.TestRunner" tests="3" failures="0" timestamp="3 Dec 2018 03:25:38 GMT" time="106.987" errors="0">
  <testcase name="scenario" time="77.634" classname="tests.TestRunner"/>
  <testcase name="scenario" time="15.552" classname="tests.TestRunner"/>
  <testcase name="scenario" time="13.801" classname="tests.TestRunner"/>
</testsuite> <!-- tests.TestRunner -->
