<?xml version="1.0" encoding="UTF-8"?>
<!-- Generated by org.testng.reporters.JUnitReportReporter -->
<testsuite hostname="bob-pc" name="tests.TestRunner" tests="3" failures="0" timestamp="3 Dec 2018 02:11:12 GMT" time="125.861" errors="0">
  <testcase name="scenario" time="49.629" classname="tests.TestRunner"/>
  <testcase name="scenario" time="39.186" classname="tests.TestRunner"/>
  <testcase name="scenario" time="37.046" classname="tests.TestRunner"/>
</testsuite> <!-- tests.TestRunner -->
