<?xml version="1.0" encoding="UTF-8"?>
<!-- Generated by org.testng.reporters.JUnitReportReporter -->
<testsuite hostname="bob-pc" name="tests.TestRunner" tests="3" failures="0" timestamp="3 Dec 2018 02:41:30 GMT" time="66.228" errors="0">
  <testcase name="scenario" time="23.947" classname="tests.TestRunner"/>
  <testcase name="scenario" time="22.073" classname="tests.TestRunner"/>
  <testcase name="scenario" time="20.208" classname="tests.TestRunner"/>
</testsuite> <!-- tests.TestRunner -->
