<?xml version="1.0" encoding="UTF-8"?>
<!-- Generated by org.testng.reporters.JUnitReportReporter -->
<testsuite hostname="bob-pc" name="tests.TestRunner" tests="3" failures="0" timestamp="3 Dec 2018 02:53:04 GMT" time="93.015" errors="0">
  <testcase name="scenario" time="36.955" classname="tests.TestRunner"/>
  <testcase name="scenario" time="30.185" classname="tests.TestRunner"/>
  <testcase name="scenario" time="25.875" classname="tests.TestRunner"/>
</testsuite> <!-- tests.TestRunner -->
